 
****************************************
Report : area
Design : DLX
Version: S-2021.06-SP4
Date   : Sat Sep 16 16:11:38 2023
****************************************

Library(s) Used:

    NangateOpenCellLibrary (File: /home/mariagrazia.graziano/do/libnangate/NangateOpenCellLibrary_typical_ecsm.db)

Number of ports:                        16299
Number of nets:                         20601
Number of cells:                         9143
Number of combinational cells:           6299
Number of sequential cells:              2095
Number of macros/black boxes:               0
Number of buf/inv:                        991
Number of references:                       6

Combinational area:               7868.546062
Buf/Inv area:                      575.358002
Noncombinational area:            7647.765967
Macro/Black Box area:                0.000000
Net Interconnect area:      undefined  (Wire load has zero net area)

Total cell area:                 15516.312030
Total area:                 undefined
1
