 
****************************************
Report : area
Design : DLX
Version: S-2021.06-SP4
Date   : Sat Sep 16 16:04:34 2023
****************************************

Library(s) Used:

    NangateOpenCellLibrary (File: /home/mariagrazia.graziano/do/libnangate/NangateOpenCellLibrary_typical_ecsm.db)

Number of ports:                        16275
Number of nets:                         20348
Number of cells:                         8745
Number of combinational cells:           5927
Number of sequential cells:              2069
Number of macros/black boxes:               0
Number of buf/inv:                        887
Number of references:                       6

Combinational area:               7646.170072
Buf/Inv area:                      505.134002
Noncombinational area:            7517.957971
Macro/Black Box area:                0.000000
Net Interconnect area:      undefined  (Wire load has zero net area)

Total cell area:                 15164.128043
Total area:                 undefined
1
