Information: Updating design information... (UID-85)
 
****************************************
Report : timing
        -path full
        -delay max
        -max_paths 1
Design : DLX
Version: S-2021.06-SP4
Date   : Sat Sep 16 16:04:34 2023
****************************************

Operating Conditions: typical   Library: NangateOpenCellLibrary
Wire Load Model Mode: top

  Startpoint: datapath_inst/Execution_unit_inst/MULT/RCA_INST_2/FAI_22/CLK_r_REG2232_S20
              (rising edge-triggered flip-flop clocked by CLK)
  Endpoint: datapath_inst/Execution_unit_inst/ALU_INST/MUX_OUT_ALU/MUX2/CLK_r_REG1818_S8
            (rising edge-triggered flip-flop clocked by CLK)
  Path Group: CLK
  Path Type: max

  Des/Clust/Port     Wire Load Model       Library
  ------------------------------------------------
  DLX                5K_hvratio_1_4        NangateOpenCellLibrary

  Point                                                   Incr       Path
  --------------------------------------------------------------------------
  clock CLK (rise edge)                                   0.00       0.00
  clock network delay (ideal)                             0.00       0.00
  datapath_inst/Execution_unit_inst/MULT/RCA_INST_2/FAI_22/CLK_r_REG2232_S20/CK (DFF_X1)
                                                          0.00       0.00 r
  datapath_inst/Execution_unit_inst/MULT/RCA_INST_2/FAI_22/CLK_r_REG2232_S20/Q (DFF_X1)
                                                          0.08       0.08 f
  datapath_inst/Execution_unit_inst/MULT/RCA_INST_2/FAI_22/U1/S (FA_X1)
                                                          0.15       0.23 r
  datapath_inst/Execution_unit_inst/MULT/RCA_INST_2/FAI_22/S (FA_235)
                                                          0.00       0.23 r
  datapath_inst/Execution_unit_inst/MULT/RCA_INST_2/S[21] (RCA_GEN_NBIT32_6)
                                                          0.00       0.23 r
  datapath_inst/Execution_unit_inst/MULT/RCA_INST_3/B[21] (RCA_GEN_NBIT32_5)
                                                          0.00       0.23 r
  datapath_inst/Execution_unit_inst/MULT/RCA_INST_3/FAI_22/B (FA_203)
                                                          0.00       0.23 r
  datapath_inst/Execution_unit_inst/MULT/RCA_INST_3/FAI_22/U1/ZN (INV_X1)
                                                          0.03       0.26 f
  datapath_inst/Execution_unit_inst/MULT/RCA_INST_3/FAI_22/U2/ZN (AOI22_X1)
                                                          0.08       0.34 r
  datapath_inst/Execution_unit_inst/MULT/RCA_INST_3/FAI_22/U5/ZN (OAI22_X1)
                                                          0.05       0.39 f
  datapath_inst/Execution_unit_inst/MULT/RCA_INST_3/FAI_22/Co (FA_203)
                                                          0.00       0.39 f
  datapath_inst/Execution_unit_inst/MULT/RCA_INST_3/FAI_23/Ci (FA_202)
                                                          0.00       0.39 f
  datapath_inst/Execution_unit_inst/MULT/RCA_INST_3/FAI_23/U4/ZN (NAND2_X1)
                                                          0.04       0.43 r
  datapath_inst/Execution_unit_inst/MULT/RCA_INST_3/FAI_23/U5/ZN (OAI21_X1)
                                                          0.04       0.47 f
  datapath_inst/Execution_unit_inst/MULT/RCA_INST_3/FAI_23/Co (FA_202)
                                                          0.00       0.47 f
  datapath_inst/Execution_unit_inst/MULT/RCA_INST_3/FAI_24/Ci (FA_201)
                                                          0.00       0.47 f
  datapath_inst/Execution_unit_inst/MULT/RCA_INST_3/FAI_24/U1/CO (FA_X1)
                                                          0.09       0.56 f
  datapath_inst/Execution_unit_inst/MULT/RCA_INST_3/FAI_24/Co (FA_201)
                                                          0.00       0.56 f
  datapath_inst/Execution_unit_inst/MULT/RCA_INST_3/FAI_25/Ci (FA_200)
                                                          0.00       0.56 f
  datapath_inst/Execution_unit_inst/MULT/RCA_INST_3/FAI_25/U1/CO (FA_X1)
                                                          0.09       0.65 f
  datapath_inst/Execution_unit_inst/MULT/RCA_INST_3/FAI_25/Co (FA_200)
                                                          0.00       0.65 f
  datapath_inst/Execution_unit_inst/MULT/RCA_INST_3/FAI_26/Ci (FA_199)
                                                          0.00       0.65 f
  datapath_inst/Execution_unit_inst/MULT/RCA_INST_3/FAI_26/U1/S (FA_X1)
                                                          0.14       0.80 r
  datapath_inst/Execution_unit_inst/MULT/RCA_INST_3/FAI_26/S (FA_199)
                                                          0.00       0.80 r
  datapath_inst/Execution_unit_inst/MULT/RCA_INST_3/S[25] (RCA_GEN_NBIT32_5)
                                                          0.00       0.80 r
  datapath_inst/Execution_unit_inst/MULT/RCA_INST_4/B[25] (RCA_GEN_NBIT32_4)
                                                          0.00       0.80 r
  datapath_inst/Execution_unit_inst/MULT/RCA_INST_4/FAI_26/B (FA_167)
                                                          0.00       0.80 r
  datapath_inst/Execution_unit_inst/MULT/RCA_INST_4/FAI_26/U1/ZN (XNOR2_X1)
                                                          0.07       0.87 r
  datapath_inst/Execution_unit_inst/MULT/RCA_INST_4/FAI_26/U3/ZN (AOI22_X1)
                                                          0.05       0.92 f
  datapath_inst/Execution_unit_inst/MULT/RCA_INST_4/FAI_26/Co_BAR (FA_167)
                                                          0.00       0.92 f
  datapath_inst/Execution_unit_inst/MULT/RCA_INST_4/FAI_27/Ci_BAR (FA_166)
                                                          0.00       0.92 f
  datapath_inst/Execution_unit_inst/MULT/RCA_INST_4/FAI_27/U4/S (FA_X1)
                                                          0.15       1.06 r
  datapath_inst/Execution_unit_inst/MULT/RCA_INST_4/FAI_27/U3/ZN (INV_X1)
                                                          0.02       1.08 f
  datapath_inst/Execution_unit_inst/MULT/RCA_INST_4/FAI_27/S (FA_166)
                                                          0.00       1.08 f
  datapath_inst/Execution_unit_inst/MULT/RCA_INST_4/S[26] (RCA_GEN_NBIT32_4)
                                                          0.00       1.08 f
  datapath_inst/Execution_unit_inst/MULT/RCA_INST_5/B[26] (RCA_GEN_NBIT32_3)
                                                          0.00       1.08 f
  datapath_inst/Execution_unit_inst/MULT/RCA_INST_5/FAI_27/B (FA_134)
                                                          0.00       1.08 f
  datapath_inst/Execution_unit_inst/MULT/RCA_INST_5/FAI_27/U2/ZN (INV_X1)
                                                          0.03       1.11 r
  datapath_inst/Execution_unit_inst/MULT/RCA_INST_5/FAI_27/U4/S (FA_X1)
                                                          0.11       1.22 f
  datapath_inst/Execution_unit_inst/MULT/RCA_INST_5/FAI_27/U3/ZN (INV_X1)
                                                          0.03       1.26 r
  datapath_inst/Execution_unit_inst/MULT/RCA_INST_5/FAI_27/S (FA_134)
                                                          0.00       1.26 r
  datapath_inst/Execution_unit_inst/MULT/RCA_INST_5/S[26] (RCA_GEN_NBIT32_3)
                                                          0.00       1.26 r
  datapath_inst/Execution_unit_inst/MULT/RCA_INST_6/B[26] (RCA_GEN_NBIT32_2)
                                                          0.00       1.26 r
  datapath_inst/Execution_unit_inst/MULT/RCA_INST_6/FAI_27/B (FA_102)
                                                          0.00       1.26 r
  datapath_inst/Execution_unit_inst/MULT/RCA_INST_6/FAI_27/U2/ZN (INV_X1)
                                                          0.02       1.28 f
  datapath_inst/Execution_unit_inst/MULT/RCA_INST_6/FAI_27/U4/S (FA_X1)
                                                          0.13       1.41 r
  datapath_inst/Execution_unit_inst/MULT/RCA_INST_6/FAI_27/U3/ZN (INV_X1)
                                                          0.03       1.44 f
  datapath_inst/Execution_unit_inst/MULT/RCA_INST_6/FAI_27/S (FA_102)
                                                          0.00       1.44 f
  datapath_inst/Execution_unit_inst/MULT/RCA_INST_6/S[26] (RCA_GEN_NBIT32_2)
                                                          0.00       1.44 f
  datapath_inst/Execution_unit_inst/MULT/RCA_INST_7/B[26] (RCA_GEN_NBIT32_1)
                                                          0.00       1.44 f
  datapath_inst/Execution_unit_inst/MULT/RCA_INST_7/FAI_27/B (FA_70)
                                                          0.00       1.44 f
  datapath_inst/Execution_unit_inst/MULT/RCA_INST_7/FAI_27/U1/Z (XOR2_X1)
                                                          0.08       1.52 f
  datapath_inst/Execution_unit_inst/MULT/RCA_INST_7/FAI_27/U2/ZN (NAND2_X1)
                                                          0.03       1.55 r
  datapath_inst/Execution_unit_inst/MULT/RCA_INST_7/FAI_27/U4/ZN (NAND2_X1)
                                                          0.03       1.59 f
  datapath_inst/Execution_unit_inst/MULT/RCA_INST_7/FAI_27/Co (FA_70)
                                                          0.00       1.59 f
  datapath_inst/Execution_unit_inst/MULT/RCA_INST_7/FAI_28/Ci (FA_69)
                                                          0.00       1.59 f
  datapath_inst/Execution_unit_inst/MULT/RCA_INST_7/FAI_28/U3/ZN (AOI22_X1)
                                                          0.06       1.65 r
  datapath_inst/Execution_unit_inst/MULT/RCA_INST_7/FAI_28/Co_BAR (FA_69)
                                                          0.00       1.65 r
  datapath_inst/Execution_unit_inst/MULT/RCA_INST_7/FAI_29/Ci_BAR (FA_68)
                                                          0.00       1.65 r
  datapath_inst/Execution_unit_inst/MULT/RCA_INST_7/FAI_29/U2/ZN (INV_X1)
                                                          0.03       1.68 f
  datapath_inst/Execution_unit_inst/MULT/RCA_INST_7/FAI_29/U3/CO (FA_X1)
                                                          0.11       1.78 f
  datapath_inst/Execution_unit_inst/MULT/RCA_INST_7/FAI_29/Co (FA_68)
                                                          0.00       1.78 f
  datapath_inst/Execution_unit_inst/MULT/RCA_INST_7/FAI_30/Ci (FA_67)
                                                          0.00       1.78 f
  datapath_inst/Execution_unit_inst/MULT/RCA_INST_7/FAI_30/U2/CO (FA_X1)
                                                          0.11       1.89 f
  datapath_inst/Execution_unit_inst/MULT/RCA_INST_7/FAI_30/U1/ZN (INV_X1)
                                                          0.04       1.93 r
  datapath_inst/Execution_unit_inst/MULT/RCA_INST_7/FAI_30/Co_BAR (FA_67)
                                                          0.00       1.93 r
  datapath_inst/Execution_unit_inst/MULT/RCA_INST_7/FAI_31/Ci_BAR (FA_66)
                                                          0.00       1.93 r
  datapath_inst/Execution_unit_inst/MULT/RCA_INST_7/FAI_31/U3/ZN (OAI21_X1)
                                                          0.04       1.96 f
  datapath_inst/Execution_unit_inst/MULT/RCA_INST_7/FAI_31/Co (FA_66)
                                                          0.00       1.96 f
  datapath_inst/Execution_unit_inst/MULT/RCA_INST_7/FAI_32/Ci (FA_65)
                                                          0.00       1.96 f
  datapath_inst/Execution_unit_inst/MULT/RCA_INST_7/FAI_32/U2/ZN (XNOR2_X1)
                                                          0.06       2.02 f
  datapath_inst/Execution_unit_inst/MULT/RCA_INST_7/FAI_32/U3/ZN (XNOR2_X1)
                                                          0.06       2.09 f
  datapath_inst/Execution_unit_inst/MULT/RCA_INST_7/FAI_32/S (FA_65)
                                                          0.00       2.09 f
  datapath_inst/Execution_unit_inst/MULT/RCA_INST_7/S[31] (RCA_GEN_NBIT32_1)
                                                          0.00       2.09 f
  datapath_inst/Execution_unit_inst/MULT/P[31] (BOOTHMUL_NBIT16)
                                                          0.00       2.09 f
  datapath_inst/Execution_unit_inst/MUX_EXE/B[31] (MUX21_GEN_NBIT32_62)
                                                          0.00       2.09 f
  datapath_inst/Execution_unit_inst/MUX_EXE/U17/ZN (AOI22_X1)
                                                          0.06       2.15 r
  datapath_inst/Execution_unit_inst/MUX_EXE/U18/ZN (INV_X1)
                                                          0.03       2.18 f
  datapath_inst/Execution_unit_inst/MUX_EXE/Y[31] (MUX21_GEN_NBIT32_62)
                                                          0.00       2.18 f
  datapath_inst/Execution_unit_inst/REG_EXE/D[31] (FD_GEN_NBIT32_5)
                                                          0.00       2.18 f
  datapath_inst/Execution_unit_inst/REG_EXE/U22/ZN (AOI22_X2)
                                                          0.09       2.26 r
  datapath_inst/Execution_unit_inst/REG_EXE/Q[31]_BAR (FD_GEN_NBIT32_5)
                                                          0.00       2.26 r
  datapath_inst/Execution_unit_inst/MUX_FW_ALU_MEM_B/B[31]_BAR (MUX21_GEN_NBIT32_58)
                                                          0.00       2.26 r
  datapath_inst/Execution_unit_inst/MUX_FW_ALU_MEM_B/U62/ZN (OAI21_X1)
                                                          0.04       2.30 f
  datapath_inst/Execution_unit_inst/MUX_FW_ALU_MEM_B/Y[31] (MUX21_GEN_NBIT32_58)
                                                          0.00       2.30 f
  datapath_inst/Execution_unit_inst/MUX_FW_FIN_B/A[31] (MUX21_GEN_NBIT32_57)
                                                          0.00       2.30 f
  datapath_inst/Execution_unit_inst/MUX_FW_FIN_B/U33/Z (MUX2_X1)
                                                          0.08       2.38 f
  datapath_inst/Execution_unit_inst/MUX_FW_FIN_B/Y[31] (MUX21_GEN_NBIT32_57)
                                                          0.00       2.38 f
  datapath_inst/Execution_unit_inst/MUX_B_IMM/A[31] (MUX21_GEN_NBIT32_63)
                                                          0.00       2.38 f
  datapath_inst/Execution_unit_inst/MUX_B_IMM/U7/Z (MUX2_X1)
                                                          0.10       2.47 f
  datapath_inst/Execution_unit_inst/MUX_B_IMM/Y[31] (MUX21_GEN_NBIT32_63)
                                                          0.00       2.47 f
  datapath_inst/Execution_unit_inst/ALU_INST/B[31] (ALU_NBIT32_NBIT_PER_BLOCK4)
                                                          0.00       2.47 f
  datapath_inst/Execution_unit_inst/ALU_INST/B_ADDER/B[31] (MUX21_GEN_NBIT32_52)
                                                          0.00       2.47 f
  datapath_inst/Execution_unit_inst/ALU_INST/B_ADDER/U33/ZN (XNOR2_X1)
                                                          0.08       2.56 f
  datapath_inst/Execution_unit_inst/ALU_INST/B_ADDER/Y[31] (MUX21_GEN_NBIT32_52)
                                                          0.00       2.56 f
  datapath_inst/Execution_unit_inst/ALU_INST/MOV_MUX/B[31] (MUX21_GEN_NBIT32_50)
                                                          0.00       2.56 f
  datapath_inst/Execution_unit_inst/ALU_INST/MOV_MUX/U11/ZN (AND2_X1)
                                                          0.06       2.62 f
  datapath_inst/Execution_unit_inst/ALU_INST/MOV_MUX/Y[31] (MUX21_GEN_NBIT32_50)
                                                          0.00       2.62 f
  datapath_inst/Execution_unit_inst/ALU_INST/ADDER/B[31] (P4_ADDER_NBIT32_NBIT_PER_BLOCK4)
                                                          0.00       2.62 f
  datapath_inst/Execution_unit_inst/ALU_INST/ADDER/CARRY_GEN/B[31] (CARRY_GENERATOR_NBIT32_NBIT_PER_BLOCK4)
                                                          0.00       2.62 f
  datapath_inst/Execution_unit_inst/ALU_INST/ADDER/CARRY_GEN/PG_NET_INST/B[31] (PG_network_Nbits32)
                                                          0.00       2.62 f
  datapath_inst/Execution_unit_inst/ALU_INST/ADDER/CARRY_GEN/PG_NET_INST/U40/Z (XOR2_X1)
                                                          0.09       2.71 f
  datapath_inst/Execution_unit_inst/ALU_INST/ADDER/CARRY_GEN/PG_NET_INST/P[31] (PG_network_Nbits32)
                                                          0.00       2.71 f
  datapath_inst/Execution_unit_inst/ALU_INST/ADDER/CARRY_GEN/BLOCK_PG_1_31/Pik (PG_13)
                                                          0.00       2.71 f
  datapath_inst/Execution_unit_inst/ALU_INST/ADDER/CARRY_GEN/BLOCK_PG_1_31/U2/ZN (AOI21_X1)
                                                          0.04       2.75 r
  datapath_inst/Execution_unit_inst/ALU_INST/ADDER/CARRY_GEN/BLOCK_PG_1_31/U3/ZN (INV_X1)
                                                          0.02       2.77 f
  datapath_inst/Execution_unit_inst/ALU_INST/ADDER/CARRY_GEN/BLOCK_PG_1_31/Gij (PG_13)
                                                          0.00       2.77 f
  datapath_inst/Execution_unit_inst/ALU_INST/ADDER/CARRY_GEN/BLOCK_PG_2_31/Gik (PG_6)
                                                          0.00       2.77 f
  datapath_inst/Execution_unit_inst/ALU_INST/ADDER/CARRY_GEN/BLOCK_PG_2_31/U2/ZN (AOI21_X1)
                                                          0.05       2.83 r
  datapath_inst/Execution_unit_inst/ALU_INST/ADDER/CARRY_GEN/BLOCK_PG_2_31/U3/ZN (INV_X1)
                                                          0.02       2.85 f
  datapath_inst/Execution_unit_inst/ALU_INST/ADDER/CARRY_GEN/BLOCK_PG_2_31/Gij (PG_6)
                                                          0.00       2.85 f
  datapath_inst/Execution_unit_inst/ALU_INST/ADDER/CARRY_GEN/BLOCK_PG_1_3_31/Gik (PG_3)
                                                          0.00       2.85 f
  datapath_inst/Execution_unit_inst/ALU_INST/ADDER/CARRY_GEN/BLOCK_PG_1_3_31/U2/ZN (AOI21_X1)
                                                          0.05       2.91 r
  datapath_inst/Execution_unit_inst/ALU_INST/ADDER/CARRY_GEN/BLOCK_PG_1_3_31/U3/ZN (INV_X1)
                                                          0.02       2.93 f
  datapath_inst/Execution_unit_inst/ALU_INST/ADDER/CARRY_GEN/BLOCK_PG_1_3_31/Gij (PG_3)
                                                          0.00       2.93 f
  datapath_inst/Execution_unit_inst/ALU_INST/ADDER/CARRY_GEN/BLOCK_PG_1_4_31/Gik (PG_1)
                                                          0.00       2.93 f
  datapath_inst/Execution_unit_inst/ALU_INST/ADDER/CARRY_GEN/BLOCK_PG_1_4_31/U2/ZN (AOI21_X1)
                                                          0.05       2.99 r
  datapath_inst/Execution_unit_inst/ALU_INST/ADDER/CARRY_GEN/BLOCK_PG_1_4_31/U3/ZN (INV_X1)
                                                          0.02       3.01 f
  datapath_inst/Execution_unit_inst/ALU_INST/ADDER/CARRY_GEN/BLOCK_PG_1_4_31/Gij (PG_1)
                                                          0.00       3.01 f
  datapath_inst/Execution_unit_inst/ALU_INST/ADDER/CARRY_GEN/BLOCK_G_1_5_31/Gik (G_1)
                                                          0.00       3.01 f
  datapath_inst/Execution_unit_inst/ALU_INST/ADDER/CARRY_GEN/BLOCK_G_1_5_31/U1/ZN (AOI21_X1)
                                                          0.05       3.07 r
  datapath_inst/Execution_unit_inst/ALU_INST/ADDER/CARRY_GEN/BLOCK_G_1_5_31/U2/ZN (INV_X1)
                                                          0.03       3.10 f
  datapath_inst/Execution_unit_inst/ALU_INST/ADDER/CARRY_GEN/BLOCK_G_1_5_31/Gij (G_1)
                                                          0.00       3.10 f
  datapath_inst/Execution_unit_inst/ALU_INST/ADDER/CARRY_GEN/Co[7] (CARRY_GENERATOR_NBIT32_NBIT_PER_BLOCK4)
                                                          0.00       3.10 f
  datapath_inst/Execution_unit_inst/ALU_INST/ADDER/Cout (P4_ADDER_NBIT32_NBIT_PER_BLOCK4)
                                                          0.00       3.10 f
  datapath_inst/Execution_unit_inst/ALU_INST/COMP/COUT (COMPARATOR_NBIT32)
                                                          0.00       3.10 f
  datapath_inst/Execution_unit_inst/ALU_INST/COMP/U17/ZN (XNOR2_X1)
                                                          0.06       3.16 f
  datapath_inst/Execution_unit_inst/ALU_INST/COMP/U18/ZN (AND2_X1)
                                                          0.05       3.21 f
  datapath_inst/Execution_unit_inst/ALU_INST/COMP/COMPARATOR_OUT/C[0] (MUX61_GEN_NBIT32)
                                                          0.00       3.21 f
  datapath_inst/Execution_unit_inst/ALU_INST/COMP/COMPARATOR_OUT/MUX2/B[0] (MUX21_GEN_NBIT32_4)
                                                          0.00       3.21 f
  datapath_inst/Execution_unit_inst/ALU_INST/COMP/COMPARATOR_OUT/MUX2/U2/Z (MUX2_X1)
                                                          0.06       3.27 f
  datapath_inst/Execution_unit_inst/ALU_INST/COMP/COMPARATOR_OUT/MUX2/Y[0] (MUX21_GEN_NBIT32_4)
                                                          0.00       3.27 f
  datapath_inst/Execution_unit_inst/ALU_INST/COMP/COMPARATOR_OUT/MUX4/A[0] (MUX21_GEN_NBIT32_2)
                                                          0.00       3.27 f
  datapath_inst/Execution_unit_inst/ALU_INST/COMP/COMPARATOR_OUT/MUX4/U2/Z (MUX2_X1)
                                                          0.07       3.34 f
  datapath_inst/Execution_unit_inst/ALU_INST/COMP/COMPARATOR_OUT/MUX4/Y[0] (MUX21_GEN_NBIT32_2)
                                                          0.00       3.34 f
  datapath_inst/Execution_unit_inst/ALU_INST/COMP/COMPARATOR_OUT/MUX5/B[0] (MUX21_GEN_NBIT32_1)
                                                          0.00       3.34 f
  datapath_inst/Execution_unit_inst/ALU_INST/COMP/COMPARATOR_OUT/MUX5/U2/Z (MUX2_X1)
                                                          0.07       3.40 f
  datapath_inst/Execution_unit_inst/ALU_INST/COMP/COMPARATOR_OUT/MUX5/Y[0] (MUX21_GEN_NBIT32_1)
                                                          0.00       3.40 f
  datapath_inst/Execution_unit_inst/ALU_INST/COMP/COMPARATOR_OUT/Y[0] (MUX61_GEN_NBIT32)
                                                          0.00       3.40 f
  datapath_inst/Execution_unit_inst/ALU_INST/COMP/Y[0] (COMPARATOR_NBIT32)
                                                          0.00       3.40 f
  datapath_inst/Execution_unit_inst/ALU_INST/MUX_OUT_ALU/D[0] (MUX41_GEN_NBIT32_1)
                                                          0.00       3.40 f
  datapath_inst/Execution_unit_inst/ALU_INST/MUX_OUT_ALU/MUX2/A[0] (MUX21_GEN_NBIT32_47)
                                                          0.00       3.40 f
  datapath_inst/Execution_unit_inst/ALU_INST/MUX_OUT_ALU/MUX2/CLK_r_REG1818_S8/D (DFF_X1)
                                                          0.01       3.41 f
  data arrival time                                                  3.41

  clock CLK (rise edge)                                   3.47       3.47
  clock network delay (ideal)                             0.00       3.47
  datapath_inst/Execution_unit_inst/ALU_INST/MUX_OUT_ALU/MUX2/CLK_r_REG1818_S8/CK (DFF_X1)
                                                          0.00       3.47 r
  library setup time                                     -0.04       3.43
  data required time                                                 3.43
  --------------------------------------------------------------------------
  data required time                                                 3.43
  data arrival time                                                 -3.41
  --------------------------------------------------------------------------
  slack (MET)                                                        0.01


1
