 
****************************************
Report : area
Design : DLX
Version: S-2021.06-SP4
Date   : Sat Sep 16 15:48:52 2023
****************************************

Library(s) Used:

    NangateOpenCellLibrary (File: /home/mariagrazia.graziano/do/libnangate/NangateOpenCellLibrary_typical_ecsm.db)

Number of ports:                        16162
Number of nets:                         30348
Number of cells:                        14960
Number of combinational cells:          12755
Number of sequential cells:              1563
Number of macros/black boxes:               0
Number of buf/inv:                       6330
Number of references:                       3

Combinational area:              12512.108138
Buf/Inv area:                     3874.289983
Noncombinational area:            5175.562029
Macro/Black Box area:                0.000000
Net Interconnect area:      undefined  (Wire load has zero net area)

Total cell area:                 17687.670168
Total area:                 undefined
1
