 
****************************************
Report : area
Design : DLX
Version: S-2021.06-SP4
Date   : Sat Sep 16 16:00:17 2023
****************************************

Library(s) Used:

    NangateOpenCellLibrary (File: /home/mariagrazia.graziano/do/libnangate/NangateOpenCellLibrary_typical_ecsm.db)

Number of ports:                        16279
Number of nets:                         20648
Number of cells:                         8871
Number of combinational cells:           6044
Number of sequential cells:              2127
Number of macros/black boxes:               0
Number of buf/inv:                        942
Number of references:                       6

Combinational area:               7740.334074
Buf/Inv area:                      529.340003
Noncombinational area:            7748.313954
Macro/Black Box area:                0.000000
Net Interconnect area:      undefined  (Wire load has zero net area)

Total cell area:                 15488.648028
Total area:                 undefined
1
